ERROR - 2025-02-14 13:22:48 --> Error connecting to the database: mysqli_sql_exception: Too many connections in /home/bitfountain/www/www.bfmedia.jp/system/Database/MySQLi/Connection.php:174
Stack trace:
#0 /home/bitfountain/www/www.bfmedia.jp/system/Database/MySQLi/Connection.php(174): mysqli->real_connect('mysql643.db.sak...', 'bitfountain', 'Wsyj_123-456', 'bitfountain_bfm...', 3306, '', 0)
#1 /home/bitfountain/www/www.bfmedia.jp/system/Database/BaseConnection.php(391): CodeIgniter\Database\MySQLi\Connection->connect(false)
#2 /home/bitfountain/www/www.bfmedia.jp/system/Session/Handlers/DatabaseHandler.php(109): CodeIgniter\Database\BaseConnection->initialize()
#3 [internal function]: CodeIgniter\Session\Handlers\DatabaseHandler->open('ci_sessions', 'vr_session')
#4 /home/bitfountain/www/www.bfmedia.jp/system/Session/Session.php(920): session_start()
#5 /home/bitfountain/www/www.bfmedia.jp/system/Session/Session.php(250): CodeIgniter\Session\Session->startSession()
#6 /home/bitfountain/www/www.bfmedia.jp/system/Config/Services.php(674): CodeIgniter\Session\Session->start()
#7 /home/bitfountain/www/www.bfmedia.jp/system/Config/BaseService.php(252): CodeIgniter\Config\Services::session(Object(Config\App), false)
#8 /home/bitfountain/www/www.bfmedia.jp/system/Config/BaseService.php(193): CodeIgniter\Config\BaseService::__callStatic('session', Array)
#9 /home/bitfountain/www/www.bfmedia.jp/system/Config/Services.php(641): CodeIgniter\Config\BaseService::getSharedInstance('session', NULL)
#10 /home/bitfountain/www/www.bfmedia.jp/system/Config/BaseService.php(252): CodeIgniter\Config\Services::session()
#11 /home/bitfountain/www/www.bfmedia.jp/app/Config/Globals.php(29): CodeIgniter\Config\BaseService::__callStatic('session', Array)
#12 /home/bitfountain/www/www.bfmedia.jp/app/Config/Globals.php(120): Config\Globals::setGlobals()
#13 /home/bitfountain/www/www.bfmedia.jp/system/Autoloader/Autoloader.php(312): include_once('/home/bitfounta...')
#14 /home/bitfountain/www/www.bfmedia.jp/system/Autoloader/Autoloader.php(289): CodeIgniter\Autoloader\Autoloader->includeFile('/home/bitfounta...')
#15 /home/bitfountain/www/www.bfmedia.jp/system/Autoloader/Autoloader.php(267): CodeIgniter\Autoloader\Autoloader->loadInNamespace('Config\\Globals')
#16 [internal function]: CodeIgniter\Autoloader\Autoloader->loadClass('Config\\Globals')
#17 /home/bitfountain/www/www.bfmedia.jp/app/Config/Routes.php(7): spl_autoload_call('Config\\Globals')
#18 /home/bitfountain/www/www.bfmedia.jp/system/Router/RouteCollection.php(267): require('/home/bitfounta...')
#19 /home/bitfountain/www/www.bfmedia.jp/system/CodeIgniter.php(800): CodeIgniter\Router\RouteCollection->loadRoutes()
#20 /home/bitfountain/www/www.bfmedia.jp/system/CodeIgniter.php(447): CodeIgniter\CodeIgniter->tryToRouteIt(NULL)
#21 /home/bitfountain/www/www.bfmedia.jp/system/CodeIgniter.php(366): CodeIgniter\CodeIgniter->handleRequest(NULL, Object(Config\Cache), false)
#22 /home/bitfountain/www/www.bfmedia.jp/index.php(76): CodeIgniter\CodeIgniter->run()
#23 {main}

Next CodeIgniter\Database\Exceptions\DatabaseException: Too many connections in /home/bitfountain/www/www.bfmedia.jp/system/Database/MySQLi/Connection.php:218
Stack trace:
#0 /home/bitfountain/www/www.bfmedia.jp/system/Database/BaseConnection.php(391): CodeIgniter\Database\MySQLi\Connection->connect(false)
#1 /home/bitfountain/www/www.bfmedia.jp/system/Session/Handlers/DatabaseHandler.php(109): CodeIgniter\Database\BaseConnection->initialize()
#2 [internal function]: CodeIgniter\Session\Handlers\DatabaseHandler->open('ci_sessions', 'vr_session')
#3 /home/bitfountain/www/www.bfmedia.jp/system/Session/Session.php(920): session_start()
#4 /home/bitfountain/www/www.bfmedia.jp/system/Session/Session.php(250): CodeIgniter\Session\Session->startSession()
#5 /home/bitfountain/www/www.bfmedia.jp/system/Config/Services.php(674): CodeIgniter\Session\Session->start()
#6 /home/bitfountain/www/www.bfmedia.jp/system/Config/BaseService.php(252): CodeIgniter\Config\Services::session(Object(Config\App), false)
#7 /home/bitfountain/www/www.bfmedia.jp/system/Config/BaseService.php(193): CodeIgniter\Config\BaseService::__callStatic('session', Array)
#8 /home/bitfountain/www/www.bfmedia.jp/system/Config/Services.php(641): CodeIgniter\Config\BaseService::getSharedInstance('session', NULL)
#9 /home/bitfountain/www/www.bfmedia.jp/system/Config/BaseService.php(252): CodeIgniter\Config\Services::session()
#10 /home/bitfountain/www/www.bfmedia.jp/app/Config/Globals.php(29): CodeIgniter\Config\BaseService::__callStatic('session', Array)
#11 /home/bitfountain/www/www.bfmedia.jp/app/Config/Globals.php(120): Config\Globals::setGlobals()
#12 /home/bitfountain/www/www.bfmedia.jp/system/Autoloader/Autoloader.php(312): include_once('/home/bitfounta...')
#13 /home/bitfountain/www/www.bfmedia.jp/system/Autoloader/Autoloader.php(289): CodeIgniter\Autoloader\Autoloader->includeFile('/home/bitfounta...')
#14 /home/bitfountain/www/www.bfmedia.jp/system/Autoloader/Autoloader.php(267): CodeIgniter\Autoloader\Autoloader->loadInNamespace('Config\\Globals')
#15 [internal function]: CodeIgniter\Autoloader\Autoloader->loadClass('Config\\Globals')
#16 /home/bitfountain/www/www.bfmedia.jp/app/Config/Routes.php(7): spl_autoload_call('Config\\Globals')
#17 /home/bitfountain/www/www.bfmedia.jp/system/Router/RouteCollection.php(267): require('/home/bitfounta...')
#18 /home/bitfountain/www/www.bfmedia.jp/system/CodeIgniter.php(800): CodeIgniter\Router\RouteCollection->loadRoutes()
#19 /home/bitfountain/www/www.bfmedia.jp/system/CodeIgniter.php(447): CodeIgniter\CodeIgniter->tryToRouteIt(NULL)
#20 /home/bitfountain/www/www.bfmedia.jp/system/CodeIgniter.php(366): CodeIgniter\CodeIgniter->handleRequest(NULL, Object(Config\Cache), false)
#21 /home/bitfountain/www/www.bfmedia.jp/index.php(76): CodeIgniter\CodeIgniter->run()
#22 {main}
CRITICAL - 2025-02-14 13:22:48 --> Unable to connect to the database.
Main connection [MySQLi]: Too many connections
in SYSTEMPATH/Database/BaseConnection.php on line 427.
 1 SYSTEMPATH/Session/Handlers/DatabaseHandler.php(109): CodeIgniter\Database\BaseConnection->initialize()
 2 [internal function]: CodeIgniter\Session\Handlers\DatabaseHandler->open('ci_sessions', 'vr_session')
 3 SYSTEMPATH/Session/Session.php(920): session_start()
 4 SYSTEMPATH/Session/Session.php(250): CodeIgniter\Session\Session->startSession()
 5 SYSTEMPATH/Config/Services.php(674): CodeIgniter\Session\Session->start()
 6 SYSTEMPATH/Config/BaseService.php(252): CodeIgniter\Config\Services::session(Object(Config\App), false)
 7 SYSTEMPATH/Config/BaseService.php(193): CodeIgniter\Config\BaseService::__callStatic('session', [...])
 8 SYSTEMPATH/Config/Services.php(641): CodeIgniter\Config\BaseService::getSharedInstance('session', null)
 9 SYSTEMPATH/Config/BaseService.php(252): CodeIgniter\Config\Services::session()
10 APPPATH/Config/Globals.php(29): CodeIgniter\Config\BaseService::__callStatic('session', [])
11 APPPATH/Config/Globals.php(120): Config\Globals::setGlobals()
12 SYSTEMPATH/Autoloader/Autoloader.php(312): include_once('/home/bitfountain/www/www.bfmedia.jp/app/Config/Globals.php')
13 SYSTEMPATH/Autoloader/Autoloader.php(289): CodeIgniter\Autoloader\Autoloader->includeFile('/home/bitfountain/www/www.bfmedia.jp/app/Config/Globals.php')
14 SYSTEMPATH/Autoloader/Autoloader.php(267): CodeIgniter\Autoloader\Autoloader->loadInNamespace('Config\\Globals')
15 [internal function]: CodeIgniter\Autoloader\Autoloader->loadClass('Config\\Globals')
16 APPPATH/Config/Routes.php(7): spl_autoload_call('Config\\Globals')
17 SYSTEMPATH/Router/RouteCollection.php(267): require('/home/bitfountain/www/www.bfmedia.jp/app/Config/Routes.php')
18 SYSTEMPATH/CodeIgniter.php(800): CodeIgniter\Router\RouteCollection->loadRoutes()
19 SYSTEMPATH/CodeIgniter.php(447): CodeIgniter\CodeIgniter->tryToRouteIt(null)
20 SYSTEMPATH/CodeIgniter.php(366): CodeIgniter\CodeIgniter->handleRequest(null, Object(Config\Cache), false)
21 FCPATH/index.php(76): CodeIgniter\CodeIgniter->run()
ERROR - 2025-02-14 13:22:49 --> Error connecting to the database: mysqli_sql_exception: Too many connections in /home/bitfountain/www/www.bfmedia.jp/system/Database/MySQLi/Connection.php:174
Stack trace:
#0 /home/bitfountain/www/www.bfmedia.jp/system/Database/MySQLi/Connection.php(174): mysqli->real_connect('mysql643.db.sak...', 'bitfountain', 'Wsyj_123-456', 'bitfountain_bfm...', 3306, '', 0)
#1 /home/bitfountain/www/www.bfmedia.jp/system/Database/BaseConnection.php(391): CodeIgniter\Database\MySQLi\Connection->connect(false)
#2 /home/bitfountain/www/www.bfmedia.jp/system/Session/Handlers/DatabaseHandler.php(109): CodeIgniter\Database\BaseConnection->initialize()
#3 [internal function]: CodeIgniter\Session\Handlers\DatabaseHandler->open('ci_sessions', 'vr_session')
#4 /home/bitfountain/www/www.bfmedia.jp/system/Session/Session.php(920): session_start()
#5 /home/bitfountain/www/www.bfmedia.jp/system/Session/Session.php(250): CodeIgniter\Session\Session->startSession()
#6 /home/bitfountain/www/www.bfmedia.jp/system/Config/Services.php(674): CodeIgniter\Session\Session->start()
#7 /home/bitfountain/www/www.bfmedia.jp/system/Config/BaseService.php(252): CodeIgniter\Config\Services::session(Object(Config\App), false)
#8 /home/bitfountain/www/www.bfmedia.jp/system/Config/BaseService.php(193): CodeIgniter\Config\BaseService::__callStatic('session', Array)
#9 /home/bitfountain/www/www.bfmedia.jp/system/Config/Services.php(641): CodeIgniter\Config\BaseService::getSharedInstance('session', NULL)
#10 /home/bitfountain/www/www.bfmedia.jp/system/Config/BaseService.php(252): CodeIgniter\Config\Services::session()
#11 /home/bitfountain/www/www.bfmedia.jp/app/Config/Globals.php(29): CodeIgniter\Config\BaseService::__callStatic('session', Array)
#12 /home/bitfountain/www/www.bfmedia.jp/app/Config/Globals.php(120): Config\Globals::setGlobals()
#13 /home/bitfountain/www/www.bfmedia.jp/system/Autoloader/Autoloader.php(312): include_once('/home/bitfounta...')
#14 /home/bitfountain/www/www.bfmedia.jp/system/Autoloader/Autoloader.php(289): CodeIgniter\Autoloader\Autoloader->includeFile('/home/bitfounta...')
#15 /home/bitfountain/www/www.bfmedia.jp/system/Autoloader/Autoloader.php(267): CodeIgniter\Autoloader\Autoloader->loadInNamespace('Config\\Globals')
#16 [internal function]: CodeIgniter\Autoloader\Autoloader->loadClass('Config\\Globals')
#17 /home/bitfountain/www/www.bfmedia.jp/app/Config/Routes.php(7): spl_autoload_call('Config\\Globals')
#18 /home/bitfountain/www/www.bfmedia.jp/system/Router/RouteCollection.php(267): require('/home/bitfounta...')
#19 /home/bitfountain/www/www.bfmedia.jp/system/CodeIgniter.php(800): CodeIgniter\Router\RouteCollection->loadRoutes()
#20 /home/bitfountain/www/www.bfmedia.jp/system/CodeIgniter.php(447): CodeIgniter\CodeIgniter->tryToRouteIt(NULL)
#21 /home/bitfountain/www/www.bfmedia.jp/system/CodeIgniter.php(366): CodeIgniter\CodeIgniter->handleRequest(NULL, Object(Config\Cache), false)
#22 /home/bitfountain/www/www.bfmedia.jp/index.php(76): CodeIgniter\CodeIgniter->run()
#23 {main}

Next CodeIgniter\Database\Exceptions\DatabaseException: Too many connections in /home/bitfountain/www/www.bfmedia.jp/system/Database/MySQLi/Connection.php:218
Stack trace:
#0 /home/bitfountain/www/www.bfmedia.jp/system/Database/BaseConnection.php(391): CodeIgniter\Database\MySQLi\Connection->connect(false)
#1 /home/bitfountain/www/www.bfmedia.jp/system/Session/Handlers/DatabaseHandler.php(109): CodeIgniter\Database\BaseConnection->initialize()
#2 [internal function]: CodeIgniter\Session\Handlers\DatabaseHandler->open('ci_sessions', 'vr_session')
#3 /home/bitfountain/www/www.bfmedia.jp/system/Session/Session.php(920): session_start()
#4 /home/bitfountain/www/www.bfmedia.jp/system/Session/Session.php(250): CodeIgniter\Session\Session->startSession()
#5 /home/bitfountain/www/www.bfmedia.jp/system/Config/Services.php(674): CodeIgniter\Session\Session->start()
#6 /home/bitfountain/www/www.bfmedia.jp/system/Config/BaseService.php(252): CodeIgniter\Config\Services::session(Object(Config\App), false)
#7 /home/bitfountain/www/www.bfmedia.jp/system/Config/BaseService.php(193): CodeIgniter\Config\BaseService::__callStatic('session', Array)
#8 /home/bitfountain/www/www.bfmedia.jp/system/Config/Services.php(641): CodeIgniter\Config\BaseService::getSharedInstance('session', NULL)
#9 /home/bitfountain/www/www.bfmedia.jp/system/Config/BaseService.php(252): CodeIgniter\Config\Services::session()
#10 /home/bitfountain/www/www.bfmedia.jp/app/Config/Globals.php(29): CodeIgniter\Config\BaseService::__callStatic('session', Array)
#11 /home/bitfountain/www/www.bfmedia.jp/app/Config/Globals.php(120): Config\Globals::setGlobals()
#12 /home/bitfountain/www/www.bfmedia.jp/system/Autoloader/Autoloader.php(312): include_once('/home/bitfounta...')
#13 /home/bitfountain/www/www.bfmedia.jp/system/Autoloader/Autoloader.php(289): CodeIgniter\Autoloader\Autoloader->includeFile('/home/bitfounta...')
#14 /home/bitfountain/www/www.bfmedia.jp/system/Autoloader/Autoloader.php(267): CodeIgniter\Autoloader\Autoloader->loadInNamespace('Config\\Globals')
#15 [internal function]: CodeIgniter\Autoloader\Autoloader->loadClass('Config\\Globals')
#16 /home/bitfountain/www/www.bfmedia.jp/app/Config/Routes.php(7): spl_autoload_call('Config\\Globals')
#17 /home/bitfountain/www/www.bfmedia.jp/system/Router/RouteCollection.php(267): require('/home/bitfounta...')
#18 /home/bitfountain/www/www.bfmedia.jp/system/CodeIgniter.php(800): CodeIgniter\Router\RouteCollection->loadRoutes()
#19 /home/bitfountain/www/www.bfmedia.jp/system/CodeIgniter.php(447): CodeIgniter\CodeIgniter->tryToRouteIt(NULL)
#20 /home/bitfountain/www/www.bfmedia.jp/system/CodeIgniter.php(366): CodeIgniter\CodeIgniter->handleRequest(NULL, Object(Config\Cache), false)
#21 /home/bitfountain/www/www.bfmedia.jp/index.php(76): CodeIgniter\CodeIgniter->run()
#22 {main}
CRITICAL - 2025-02-14 13:22:49 --> Unable to connect to the database.
Main connection [MySQLi]: Too many connections
in SYSTEMPATH/Database/BaseConnection.php on line 427.
 1 SYSTEMPATH/Session/Handlers/DatabaseHandler.php(109): CodeIgniter\Database\BaseConnection->initialize()
 2 [internal function]: CodeIgniter\Session\Handlers\DatabaseHandler->open('ci_sessions', 'vr_session')
 3 SYSTEMPATH/Session/Session.php(920): session_start()
 4 SYSTEMPATH/Session/Session.php(250): CodeIgniter\Session\Session->startSession()
 5 SYSTEMPATH/Config/Services.php(674): CodeIgniter\Session\Session->start()
 6 SYSTEMPATH/Config/BaseService.php(252): CodeIgniter\Config\Services::session(Object(Config\App), false)
 7 SYSTEMPATH/Config/BaseService.php(193): CodeIgniter\Config\BaseService::__callStatic('session', [...])
 8 SYSTEMPATH/Config/Services.php(641): CodeIgniter\Config\BaseService::getSharedInstance('session', null)
 9 SYSTEMPATH/Config/BaseService.php(252): CodeIgniter\Config\Services::session()
10 APPPATH/Config/Globals.php(29): CodeIgniter\Config\BaseService::__callStatic('session', [])
11 APPPATH/Config/Globals.php(120): Config\Globals::setGlobals()
12 SYSTEMPATH/Autoloader/Autoloader.php(312): include_once('/home/bitfountain/www/www.bfmedia.jp/app/Config/Globals.php')
13 SYSTEMPATH/Autoloader/Autoloader.php(289): CodeIgniter\Autoloader\Autoloader->includeFile('/home/bitfountain/www/www.bfmedia.jp/app/Config/Globals.php')
14 SYSTEMPATH/Autoloader/Autoloader.php(267): CodeIgniter\Autoloader\Autoloader->loadInNamespace('Config\\Globals')
15 [internal function]: CodeIgniter\Autoloader\Autoloader->loadClass('Config\\Globals')
16 APPPATH/Config/Routes.php(7): spl_autoload_call('Config\\Globals')
17 SYSTEMPATH/Router/RouteCollection.php(267): require('/home/bitfountain/www/www.bfmedia.jp/app/Config/Routes.php')
18 SYSTEMPATH/CodeIgniter.php(800): CodeIgniter\Router\RouteCollection->loadRoutes()
19 SYSTEMPATH/CodeIgniter.php(447): CodeIgniter\CodeIgniter->tryToRouteIt(null)
20 SYSTEMPATH/CodeIgniter.php(366): CodeIgniter\CodeIgniter->handleRequest(null, Object(Config\Cache), false)
21 FCPATH/index.php(76): CodeIgniter\CodeIgniter->run()
